{
  "RSpec": {
    "coverage": {
      "/Users/zoomcartech/Desktop/project2/config/environment.rb": [
        null,
        1,
        null,
        null,
        1
      ],
      "/Users/zoomcartech/Desktop/project2/config/application.rb": [
        1,
        null,
        1,
        null,
        null,
        null,
        1,
        null,
        1,
        1,
        null,
        null,
        null,
        null,
        null,
        null,
        null,
        null,
        null,
        null,
        null,
        null,
        null
      ],
      "/Users/zoomcartech/Desktop/project2/config/boot.rb": [
        null,
        1,
        null,
        1
      ],
      "/Users/zoomcartech/Desktop/project2/config/environments/test.rb": [
        1,
        null,
        null,
        null,
        null,
        null,
        null,
        1,
        null,
        null,
        null,
        null,
        1,
        null,
        null,
        1,
        1,
        null,
        null,
        1,
        1,
        null,
        null,
        1,
        null,
        null,
        1,
        null,
        null,
        null,
        null,
        1,
        null,
        null,
        1,
        null
      ],
      "/Users/zoomcartech/Desktop/project2/config/initializers/backtrace_silencers.rb": [
        null,
        null,
        null,
        null,
        null,
        null,
        null
      ],
      "/Users/zoomcartech/Desktop/project2/config/initializers/devise.rb": [
        null,
        null,
        1,
        null,
        null,
        null,
        null,
        null,
        null,
        null,
        null,
        null,
        1,
        null,
        null,
        null,
        null,
        null,
        null,
        null,
        null,
        1,
        null,
        null,
        null,
        null,
        null,
        null,
        null,
        null,
        null,
        null,
        null,
        null,
        null,
        null,
        null,
        null,
        null,
        null,
        null,
        null,
        null,
        1,
        null,
        null,
        null,
        null,
        1,
        null,
        null,
        null,
        null,
        null,
        null,
        null,
        null,
        null,
        null,
        null,
        null,
        null,
        null,
        null,
        null,
        null,
        null,
        null,
        null,
        null,
        null,
        null,
        null,
        null,
        null,
        null,
        null,
        null,
        null,
        1,
        null,
        null,
        null,
        null,
        null,
        null,
        null,
        null,
        null,
        null,
        null,
        null,
        null,
        null,
        null,
        null,
        1,
        null,
        null,
        null,
        null,
        null,
        null,
        null,
        null,
        null,
        null,
        null,
        null,
        null,
        null,
        null,
        null,
        null,
        null,
        null,
        null,
        null,
        null,
        null,
        null,
        1,
        null,
        null,
        null,
        null,
        null,
        null,
        null,
        null,
        null,
        null,
        null,
        null,
        null,
        null,
        null,
        null,
        null,
        1,
        null,
        null,
        null,
        null,
        null,
        null,
        null,
        null,
        null,
        null,
        null,
        null,
        null,
        null,
        null,
        null,
        null,
        null,
        null,
        null,
        null,
        null,
        null,
        null,
        null,
        null,
        null,
        null,
        null,
        null,
        null,
        null,
        null,
        null,
        null,
        null,
        null,
        null,
        null,
        null,
        null,
        null,
        null,
        null,
        null,
        null,
        null,
        null,
        1,
        null,
        null,
        null,
        null,
        null,
        null,
        null,
        null,
        null,
        null,
        null,
        null,
        null,
        null,
        null,
        null,
        null,
        null,
        null,
        null,
        null,
        null,
        null,
        null,
        null,
        null,
        null,
        null,
        null,
        null,
        null,
        null,
        null,
        null,
        null,
        null,
        null,
        1,
        null,
        null,
        null,
        null,
        null,
        null,
        null,
        null,
        null,
        null,
        null,
        null,
        null,
        null,
        null,
        null,
        null,
        null,
        null,
        null,
        null,
        null,
        null,
        null,
        null,
        null,
        null,
        null,
        null
      ],
      "/Users/zoomcartech/Desktop/project2/config/initializers/filter_parameter_logging.rb": [
        null,
        null,
        null,
        1
      ],
      "/Users/zoomcartech/Desktop/project2/config/initializers/inflections.rb": [
        null,
        null,
        null,
        null,
        null,
        null,
        null,
        null,
        null,
        null,
        null,
        null,
        null,
        null,
        null,
        null
      ],
      "/Users/zoomcartech/Desktop/project2/config/initializers/mime_types.rb": [
        null,
        null,
        null,
        null,
        null
      ],
      "/Users/zoomcartech/Desktop/project2/config/initializers/secret_token.rb": [
        null,
        null,
        null,
        null,
        null,
        null,
        null,
        null,
        null,
        null,
        null,
        1
      ],
      "/Users/zoomcartech/Desktop/project2/config/initializers/session_store.rb": [
        null,
        null,
        1
      ],
      "/Users/zoomcartech/Desktop/project2/config/initializers/wrap_parameters.rb": [
        null,
        null,
        null,
        null,
        null,
        null,
        1,
        1,
        null,
        null,
        null,
        null,
        null,
        null
      ],
      "/Users/zoomcartech/Desktop/project2/spec/factories/blogs.rb": [
        1,
        null,
        1,
        1,
        1,
        1,
        1,
        null,
        null
      ],
      "/Users/zoomcartech/Desktop/project2/spec/factories/comments.rb": [
        1,
        null,
        1,
        1,
        1,
        1,
        1,
        null,
        null
      ],
      "/Users/zoomcartech/Desktop/project2/spec/factories/users.rb": [
        1,
        null,
        1,
        1,
        1,
        1,
        null,
        null
      ],
      "/Users/zoomcartech/Desktop/project2/config/routes.rb": [
        1,
        1,
        null,
        1,
        1,
        1,
        null,
        1,
        1,
        1,
        1,
        null,
        null,
        null,
        null,
        null,
        null,
        null,
        null,
        null,
        null,
        null,
        null,
        null,
        null,
        null,
        null,
        null,
        null,
        null,
        null,
        null,
        null,
        null,
        null,
        null,
        null,
        null,
        null,
        null,
        null,
        null,
        null,
        null,
        null,
        null,
        null,
        null,
        null,
        null,
        null,
        null,
        null,
        null,
        null,
        null,
        null,
        null,
        null,
        null,
        null,
        null,
        null,
        null,
        null,
        null
      ],
      "/Users/zoomcartech/Desktop/project2/app/models/user.rb": [
        1,
        null,
        null,
        1,
        1,
        null,
        null,
        null
      ],
      "/Users/zoomcartech/Desktop/project2/app/helpers/application_helper.rb": [
        1,
        null
      ],
      "/Users/zoomcartech/Desktop/project2/app/helpers/blogs_helper.rb": [
        1,
        null
      ],
      "/Users/zoomcartech/Desktop/project2/app/helpers/comments_helper.rb": [
        1,
        null
      ],
      "/Users/zoomcartech/Desktop/project2/app/helpers/welcome_helper.rb": [
        1,
        null
      ],
      "/Users/zoomcartech/Desktop/project2/app/controllers/blogs_controller.rb": [
        1,
        null,
        1,
        1,
        null,
        null,
        null,
        1,
        0,
        0,
        0,
        null,
        null,
        null,
        null,
        null,
        1,
        null,
        null,
        null,
        1,
        1,
        null,
        null,
        null,
        1,
        null,
        null,
        1,
        null,
        null,
        null,
        1,
        null,
        0,
        0,
        0,
        0,
        0,
        0,
        0,
        null,
        0,
        0,
        null,
        null,
        null,
        null,
        null,
        null,
        1,
        0,
        0,
        0,
        0,
        null,
        0,
        0,
        null,
        null,
        null,
        null,
        null,
        null,
        1,
        0,
        0,
        0,
        0,
        null,
        null,
        null,
        1,
        null,
        1,
        0,
        null,
        null,
        null,
        1,
        0,
        null,
        null,
        1,
        0,
        0,
        0,
        null,
        null,
        null
      ],
      "/Users/zoomcartech/Desktop/project2/app/controllers/application_controller.rb": [
        1,
        null,
        null,
        1,
        null
      ],
      "/Users/zoomcartech/Desktop/project2/spec/controllers/comments_controller_spec.rb": [
        1,
        null,
        1,
        null,
        null
      ],
      "/Users/zoomcartech/Desktop/project2/spec/rails_helper.rb": [
        null,
        null,
        1,
        1,
        1,
        1,
        null,
        null,
        null,
        null,
        null,
        null,
        null,
        null,
        1,
        null,
        null,
        null,
        1,
        null,
        1,
        null,
        1,
        null,
        null,
        null,
        null,
        1,
        null,
        null,
        null,
        null,
        null,
        null,
        null,
        null,
        null,
        null,
        null,
        null,
        null,
        null,
        1,
        null
      ],
      "/Users/zoomcartech/Desktop/project2/app/controllers/comments_controller.rb": [
        1,
        1,
        0,
        0,
        0,
        0,
        0,
        null,
        1,
        0,
        null,
        null,
        1,
        0,
        0,
        0,
        0,
        null,
        null,
        1,
        null,
        null,
        null
      ],
      "/Users/zoomcartech/Desktop/project2/spec/models/blog_spec.rb": [
        1,
        1,
        1,
        1,
        1,
        1,
        null,
        1,
        1,
        null,
        1,
        1,
        null,
        1,
        1,
        null,
        1,
        1,
        null,
        null
      ],
      "/Users/zoomcartech/Desktop/project2/app/models/blog.rb": [
        1,
        1,
        1,
        1,
        null,
        1,
        null,
        null
      ],
      "/Users/zoomcartech/Desktop/project2/spec/models/comment_spec.rb": [
        1,
        1,
        1,
        null,
        1,
        null,
        1,
        1,
        null,
        null,
        null
      ],
      "/Users/zoomcartech/Desktop/project2/app/models/comment.rb": [
        1,
        1,
        1,
        null
      ],
      "/Users/zoomcartech/Desktop/project2/spec/models/user_spec.rb": [
        1,
        null,
        1,
        null,
        null,
        null,
        null
      ],
      "/Users/zoomcartech/Desktop/project2/spec/requests/user_registration_spec.rb": [
        1,
        null,
        1,
        1,
        1,
        null,
        0,
        0,
        0,
        null,
        0,
        null,
        0,
        null,
        null
      ],
      "/Users/zoomcartech/Desktop/project2/spec/routing/comments_routing_spec.rb": [
        1,
        null,
        1,
        1,
        null,
        1,
        1,
        null,
        null,
        1,
        1,
        null,
        null,
        1,
        1,
        null,
        null,
        1,
        1,
        null,
        null,
        1,
        1,
        null,
        null,
        1,
        1,
        null,
        null,
        1,
        1,
        null,
        null,
        null,
        null
      ]
    },
    "timestamp": 1405496127
  }
}
